-------------------------------------------------------------------------------
Test set: tiger.api.testreviewsession.test.runner.TestRunner9
-------------------------------------------------------------------------------
Tests run: 1, Failures: 1, Errors: 0, Skipped: 0, Time elapsed: 6.962 s <<< FAILURE! - in tiger.api.testreviewsession.test.runner.TestRunner9
runTest[1][1]  Time elapsed: 5.572 s  <<< FAILURE!
org.opentest4j.AssertionFailedError: 
status code was: 500, expected: 201, response time in milliseconds: 187, url: https://tek-insurance-api.azurewebsites.net/api/accounts/add-account-address, response: 
{"timestamp":1658965424946,"message":"Required request parameter 'primaryPersonId' for method parameter type Long is not present","detail":"uri=/api/accounts/add-account-address","cause":null}
classpath:features/ReviewFeature.feature:58

